{
  "stats": {
    "suites": 1,
    "tests": 2,
    "passes": 2,
    "pending": 0,
    "failures": 0,
    "start": "2023-10-09T05:39:45.807Z",
    "end": "2023-10-09T05:39:47.109Z",
    "duration": 1302,
    "testsRegistered": 2,
    "passPercent": 100,
    "pendingPercent": 0,
    "other": 0,
    "hasOther": false,
    "skipped": 0,
    "hasSkipped": false
  },
  "results": [
    {
      "uuid": "451b958b-5b00-4b97-87d1-b1f83bc87ed3",
      "title": "",
      "fullFile": "D:\\file\\QA ENGINEER\\Myskill\\Automate Test With JS\\test\\api\\chaiAssert.js",
      "file": "\\test\\api\\chaiAssert.js",
      "beforeHooks": [],
      "afterHooks": [],
      "tests": [],
      "suites": [
        {
          "uuid": "46812293-5e50-485e-a1a8-79c79dffa989",
          "title": "Post Request Example",
          "fullFile": "D:\\file\\QA ENGINEER\\Myskill\\Automate Test With JS\\test\\api\\chaiAssert.js",
          "file": "\\test\\api\\chaiAssert.js",
          "beforeHooks": [],
          "afterHooks": [],
          "tests": [
            {
              "title": "response status equal to 200",
              "fullTitle": "Post Request Example response status equal to 200",
              "timedOut": false,
              "duration": 1229,
              "state": "passed",
              "speed": "slow",
              "pass": true,
              "fail": false,
              "pending": false,
              "context": null,
              "code": "//cek response status harus sama dengan 200\nexpect((await response).status).to.equal(200)",
              "err": {},
              "uuid": "7ab5e7ed-5895-4577-af01-d28ea6c8e963",
              "parentUUID": "46812293-5e50-485e-a1a8-79c79dffa989",
              "isHook": false,
              "skipped": false
            },
            {
              "title": "response body to haveOwnProperty",
              "fullTitle": "Post Request Example response body to haveOwnProperty",
              "timedOut": false,
              "duration": 2,
              "state": "passed",
              "speed": "fast",
              "pass": true,
              "fail": false,
              "pending": false,
              "context": null,
              "code": "//expect dalam body response terdapat value 'message'\nexpect((await response).body).to.haveOwnProperty('message')",
              "err": {},
              "uuid": "05a115cb-8236-429c-a32f-221c992b039e",
              "parentUUID": "46812293-5e50-485e-a1a8-79c79dffa989",
              "isHook": false,
              "skipped": false
            }
          ],
          "suites": [],
          "passes": [
            "7ab5e7ed-5895-4577-af01-d28ea6c8e963",
            "05a115cb-8236-429c-a32f-221c992b039e"
          ],
          "failures": [],
          "pending": [],
          "skipped": [],
          "duration": 1231,
          "root": false,
          "rootEmpty": false,
          "_timeout": 2000
        }
      ],
      "passes": [],
      "failures": [],
      "pending": [],
      "skipped": [],
      "duration": 0,
      "root": true,
      "rootEmpty": true,
      "_timeout": 2000
    }
  ],
  "meta": {
    "mocha": {
      "version": "10.2.0"
    },
    "mochawesome": {
      "options": {
        "quiet": false,
        "reportFilename": "mochawesome",
        "saveHtml": true,
        "saveJson": true,
        "consoleReporter": "spec",
        "useInlineDiffs": false,
        "code": true
      },
      "version": "7.1.3"
    },
    "marge": {
      "options": null,
      "version": "6.2.0"
    }
  }
}